build/app/outputs/mapping/release/mapping.txt
# compiler: R8
# compiler_version: 1.5.64
# min_api: 18
# pg_map_id: 8f9c0f9
...
io.flutter.embedding.engine.loader.FlutterLoader$1$1 -> io.flutter.embedding.engine.d.c$a$a:
    io.flutter.embedding.engine.loader.FlutterLoader$1 this$1 -> a
io.flutter.embedding.engine.loader.FlutterLoader$InitResult -> io.flutter.embedding.engine.d.c$b:
io.flutter.embedding.engine.loader.FlutterLoader$Settings -> io.flutter.embedding.engine.d.c$c:
io.flutter.embedding.engine.loader.ResourceExtractor -> io.flutter.embedding.engine.d.d:
    void waitForCompletion() -> a
    java.lang.String[] getSupportedAbis() -> b
io.flutter.embedding.engine.mutatorsstack.FlutterMutatorsStack$FlutterMutator -> io.flutter.embedding.engine.mutatorsstack.FlutterMutatorsStack$a:
    android.graphics.Matrix matrix -> a
    android.graphics.Matrix getMatrix() -> a
io.flutter.embedding.engine.mutatorsstack.FlutterMutatorsStack$FlutterMutatorType -> io.flutter.embedding.engine.mutatorsstack.FlutterMutatorsStack$b:
    io.flutter.embedding.engine.mutatorsstack.FlutterMutatorsStack$FlutterMutatorType[] $VALUES -> f
    io.flutter.embedding.engine.mutatorsstack.FlutterMutatorsStack$FlutterMutatorType TRANSFORM -> d
    io.flutter.embedding.engine.mutatorsstack.FlutterMutatorsStack$FlutterMutatorType OPACITY -> e
    io.flutter.embedding.engine.mutatorsstack.FlutterMutatorsStack$FlutterMutatorType CLIP_RECT -> a
    io.flutter.embedding.engine.mutatorsstack.FlutterMutatorsStack$FlutterMutatorType CLIP_RRECT -> b
    io.flutter.embedding.engine.mutatorsstack.FlutterMutatorsStack$FlutterMutatorType CLIP_PATH -> c
io.flutter.embedding.engine.renderer.FlutterUiDisplayListener -> io.flutter.embedding.engine.renderer.a:
    void onFlutterUiDisplayed() -> a
    void onFlutterUiNoLongerDisplayed() -> b
io.flutter.plugin.common.MessageCodec -> b.a.c.a.a:
io.flutter.plugin.common.StandardMessageCodec -> b.a.c.a.b:
    java.nio.charset.Charset UTF8 -> c
    io.flutter.plugin.common.StandardMessageCodec INSTANCE -> a
    boolean LITTLE_ENDIAN -> b
    java.nio.ByteBuffer encodeMessage(java.lang.Object) -> a
    void writeAlignment(java.io.ByteArrayOutputStream,int) -> a
    void writeBytes(java.io.ByteArrayOutputStream,byte[]) -> a
    void writeDouble(java.io.ByteArrayOutputStream,double) -> a
    void writeLong(java.io.ByteArrayOutputStream,long) -> a
    void writeValue(java.io.ByteArrayOutputStream,java.lang.Object) -> a
    void writeChar(java.io.ByteArrayOutputStream,int) -> b
    void writeInt(java.io.ByteArrayOutputStream,int) -> c
    void writeSize(java.io.ByteArrayOutputStream,int) -> d
io.flutter.plugin.common.StandardMessageCodec$ExposedByteArrayOutputStream -> b.a.c.a.b$a:
    byte[] buffer() -> a
io.flutter.plugin.editing.ImeSyncDeferringInsetsCallback$1 -> io.flutter.plugin.editing.ImeSyncDeferringInsetsCallback$a:
io.flutter.plugin.editing.ImeSyncDeferringInsetsCallback$InsetsListener -> io.flutter.plugin.editing.ImeSyncDeferringInsetsCallback$b:
    io.flutter.plugin.editing.ImeSyncDeferringInsetsCallback this$0 -> a
io.flutter.plugin.localization.LocalizationPlugin -> b.a.c.b.a:
    java.util.Locale resolveNativeLocale(java.util.List) -> a
io.flutter.plugin.platform.AccessibilityEventsDelegate -> io.flutter.plugin.platform.a:
    boolean requestSendAccessibilityEvent(android.view.View,android.view.View,android.view.accessibility.AccessibilityEvent) -> a
io.flutter.plugin.platform.PlatformView -> io.flutter.plugin.platform.b:
    android.view.View getView() -> a
io.flutter.plugin.platform.PlatformViewFactory -> io.flutter.plugin.platform.c:
    io.flutter.plugin.platform.PlatformView create(android.content.Context,int,java.lang.Object) -> a
io.flutter.plugin.platform.PlatformViewsAccessibilityDelegate -> io.flutter.plugin.platform.d: